d:\projetos_vs2022\steerbotproject\steerdll\x64\release\vc143.pdb
d:\projetos_vs2022\steerbotproject\steerdll\x64\release\trampoline.obj
d:\projetos_vs2022\steerbotproject\steerdll\x64\release\hook.obj
d:\projetos_vs2022\steerbotproject\steerdll\x64\release\hde64.obj
d:\projetos_vs2022\steerbotproject\steerdll\x64\release\hde32.obj
d:\projetos_vs2022\steerbotproject\steerdll\x64\release\buffer.obj
d:\projetos_vs2022\steerbotproject\steerdll\x64\release\dllmain.obj
d:\projetos_vs2022\steerbotproject\build\steerdll.dll
d:\projetos_vs2022\steerbotproject\build\steerdll.pdb
d:\projetos_vs2022\steerbotproject\steerdll\x64\release\hooks.obj
d:\projetos_vs2022\steerbotproject\build\steerdll.lib
d:\projetos_vs2022\steerbotproject\build\steerdll.exp
d:\projetos_vs2022\steerbotproject\steerdll\x64\release\steerdll.ipdb
d:\projetos_vs2022\steerbotproject\steerdll\x64\release\steerdll.iobj
d:\projetos_vs2022\steerbotproject\steerdll\x64\release\steerdll.tlog\cl.command.1.tlog
d:\projetos_vs2022\steerbotproject\steerdll\x64\release\steerdll.tlog\cl.items.tlog
d:\projetos_vs2022\steerbotproject\steerdll\x64\release\steerdll.tlog\cl.read.1.tlog
d:\projetos_vs2022\steerbotproject\steerdll\x64\release\steerdll.tlog\cl.write.1.tlog
d:\projetos_vs2022\steerbotproject\steerdll\x64\release\steerdll.tlog\link.command.1.tlog
d:\projetos_vs2022\steerbotproject\steerdll\x64\release\steerdll.tlog\link.read.1.tlog
d:\projetos_vs2022\steerbotproject\steerdll\x64\release\steerdll.tlog\link.secondary.1.tlog
d:\projetos_vs2022\steerbotproject\steerdll\x64\release\steerdll.tlog\link.write.1.tlog
d:\projetos_vs2022\steerbotproject\steerdll\x64\release\steerdll.tlog\masm.read.1u.tlog
d:\projetos_vs2022\steerbotproject\steerdll\x64\release\steerdll.tlog\masm.write.1u.tlog
